Array
(
    [booking_id] => 68
    [ship_name] => Great Barrier Reef
    [route] => Australia
    [cabin_id] => O005
    [passengerList] => Array
        (
            [0] => Array
                (
                    [passenger_name] => MURALITHARATH
                    [phone_number] => 
                    [email] => iit22096@std.uwu.ac.lk
                    [age] => 44
                    [gender] => Male
                    [citizenship] => Other
                )

        )

)
SQLSTATE[42S22]: Column not found: 1054 Unknown column 'phone_number' in 'field list'
Array
(
    [booking_id] => 69
    [ship_name] => Glacier Adventure
    [route] => Alaska
    [cabin_id] => B002
    [passengerList] => Array
        (
            [0] => Array
                (
                    [passenger_name] => MURALITHARAN ABINATH
                    [phone_number] => 
                    [email] => iit22096@std.uwu.ac.lk
                    [age] => 44
                    [gender] => Male
                    [citizenship] => Norway
                )

        )

)
Array
(
    [booking_id] => 70
    [ship_name] => Cherry Blossom Voyage
    [route] => Japan
    [cabin_id] => I002
    [passengerList] => Array
        (
            [0] => Array
                (
                    [passenger_name] => MURALITHARAN ABINATH
                    [phone_number] => 
                    [email] => iit22096@std.uwu.ac.lk
                    [age] => 22
                    [gender] => Male
                    [citizenship] => Sri Lanka
                )

            [1] => Array
                (
                    [passenger_name] => Leo
                    [phone_number] => 
                    [email] => 
                    [age] => 30
                    [gender] => Male
                    [citizenship] => Sri Lanka
                )

            [2] => Array
                (
                    [passenger_name] => vikram
                    [phone_number] => 
                    [email] => 
                    [age] => 50
                    [gender] => Male
                    [citizenship] => Australia
                )

            [3] => Array
                (
                    [passenger_name] => ram
                    [phone_number] => 
                    [email] => 
                    [age] => 22
                    [gender] => Male
                    [citizenship] => Japan
                )

        )

)
Array
(
    [booking_id] => 71
    [ship_name] => Great Barrier Reef
    [route] => Australia
    [cabin_id] => B005
    [passengerList] => Array
        (
            [0] => Array
                (
                    [passenger_name] => Abinath Muralitharan
                    [email] => abinath157@gmail.com
                    [age] => 44
                    [gender] => Male
                    [citizenship] => Australia
                )

        )

)
Array
(
    [booking_id] => 72
    [ship_name] => Parisian Dream
    [route] => France
    [cabin_id] => O003
    [passengerList] => Array
        (
            [0] => Array
                (
                    [passenger_name] => Abinath Muralitharan
                    [email] => abinath157@gmail.com
                    [age] => 43
                    [gender] => Male
                    [citizenship] => Australia
                )

            [1] => Array
                (
                    [passenger_name] => leo
                    [email] => 
                    [age] => 34
                    [gender] => Male
                    [citizenship] => Caribbean
                )

        )

)
Array
(
    [booking_id] => 73
    [ship_name] => Great Barrier Reef
    [route] => Australia
    [cabin_id] => O006
    [passengerList] => Array
        (
            [0] => Array
                (
                    [passenger_name] => leo
                    [email] => abinath157@gmail.com
                    [age] => 45
                    [gender] => Male
                    [citizenship] => Australia
                )

        )

)
Array
(
    [booking_id] => 74
    [ship_name] => Iberian Explorer
    [route] => Spain
    [cabin_id] => B001
    [passengerList] => Array
        (
            [0] => Array
                (
                    [passenger_name] => sivatheevan
                    [email] => abinath157@gmail.com
                    [age] => 22
                    [gender] => Male
                    [citizenship] => Sri Lanka
                )

        )

)
Array
(
    [booking_id] => 75
    [ship_name] => Nile Majesty
    [route] => Egypt
    [cabin_id] => O001
    [passengerList] => Array
        (
            [0] => Array
                (
                    [passenger_name] => Abinath Muralitharan
                    [email] => abinath157@gmail.com
                    [age] => 33
                    [gender] => Male
                    [citizenship] => United Kingdom
                )

        )

)
Array
(
    [booking_id] => 76
    [ship_name] => Great Barrier Reef
    [route] => Australia
    [cabin_id] => O007
    [passengerList] => Array
        (
            [0] => Array
                (
                    [passenger_name] => Abinath Muralitharan
                    [email] => abinath157@gmail.com
                    [age] => 45
                    [gender] => Male
                    [citizenship] => Caribbean
                )

            [1] => Array
                (
                    [passenger_name] => kopall
                    [email] => 
                    [age] => 34
                    [gender] => Male
                    [citizenship] => Alaska
                )

        )

)
Array
(
    [booking_id] => 77
    [ship_name] => Great Barrier Reef
    [route] => Australia
    [cabin_id] => O008
    [passengerList] => Array
        (
            [0] => Array
                (
                    [passenger_name] => Abinath Muralitharan
                    [email] => abinath157@gmail.com
                    [age] => 5
                    [gender] => Male
                    [citizenship] => United States
                )

            [1] => Array
                (
                    [passenger_name] => kopall
                    [email] => 
                    [age] => 34
                    [gender] => Male
                    [citizenship] => Australia
                )

        )

)
Array
(
    [booking_id] => 78
    [ship_name] => Cherry Blossom Voyage
    [route] => Japan
    [cabin_id] => I003
    [passengerList] => Array
        (
            [0] => Array
                (
                    [passenger_name] => Abinath Muralitharan
                    [email] => abinath157@gmail.com
                    [age] => 66
                    [gender] => Male
                    [citizenship] => United Kingdom
                )

            [1] => Array
                (
                    [passenger_name] => Abbishanth
                    [email] => 
                    [age] => 34
                    [gender] => Male
                    [citizenship] => Alaska
                )

        )

)
Array
(
    [booking_id] => 79
    [ship_name] => Mediterranean Dream
    [route] => Greece
    [cabin_id] => B001
    [passengerList] => Array
        (
            [0] => Array
                (
                    [passenger_name] => Abinath Muralitharan
                    [email] => abinath157@gmail.com
                    [age] => 66
                    [gender] => Male
                    [citizenship] => United States
                )

            [1] => Array
                (
                    [passenger_name] => Abbishanth
                    [email] => 
                    [age] => 34
                    [gender] => Male
                    [citizenship] => United Kingdom
                )

        )

)
Array
(
    [booking_id] => 80
    [ship_name] => Great Barrier Reef
    [route] => Australia
    [cabin_id] => I004
    [passengerList] => Array
        (
            [0] => Array
                (
                    [passenger_name] => Abinath Muralitharan
                    [email] => abinath157@gmail.com
                    [age] => 33
                    [gender] => Male
                    [citizenship] => Alaska
                )

        )

)
Array
(
    [booking_id] => 81
    [ship_name] => Great Barrier Reef
    [route] => Australia
    [cabin_id] => O009
    [passengerList] => Array
        (
            [0] => Array
                (
                    [passenger_name] => Abinath Muralitharan
                    [email] => abinath157@gmail.com
                    [age] => 33
                    [gender] => Male
                    [citizenship] => Greece
                )

            [1] => Array
                (
                    [passenger_name] => Abbishanth
                    [email] => 
                    [age] => 34
                    [gender] => Male
                    [citizenship] => United States
                )

            [2] => Array
                (
                    [passenger_name] => Leo
                    [email] => 
                    [age] => 24
                    [gender] => Male
                    [citizenship] => Caribbean
                )

        )

)
Array
(
    [booking_id] => 82
    [ship_name] => Roman Holiday
    [route] => Italy
    [cabin_id] => S002
    [passengerList] => Array
        (
            [0] => Array
                (
                    [passenger_name] => kumaran
                    [email] => abinath157@gmail.com
                    [age] => 45
                    [gender] => Male
                    [citizenship] => Australia
                )

        )

)
Array
(
    [booking_id] => 83
    [ship_name] => Iberian Explorer
    [route] => Spain
    [cabin_id] => S001
    [passengerList] => Array
        (
            [0] => Array
                (
                    [passenger_name] => Shruthi
                    [email] => abinath157@gmail.com
                    [age] => 22
                    [gender] => Female
                    [citizenship] => Sri Lanka
                )

        )

)
